{"C:\\Users\\hugue\\Desktop\\andela-node\\index.js": {"path":"C:\\Users\\hugue\\Desktop\\andela-node\\index.js","statementMap":{"0":{"start":{"line":1,"column":16},"end":{"line":1,"column":34}},"1":{"start":{"line":2,"column":17},"end":{"line":2,"column":36}},"2":{"start":{"line":3,"column":15},"end":{"line":3,"column":41}},"3":{"start":{"line":4,"column":14},"end":{"line":4,"column":38}},"4":{"start":{"line":5,"column":15},"end":{"line":5,"column":32}},"5":{"start":{"line":6,"column":13},"end":{"line":6,"column":28}},"6":{"start":{"line":7,"column":15},"end":{"line":7,"column":32}},"7":{"start":{"line":9,"column":0},"end":{"line":9,"column":16}},"8":{"start":{"line":11,"column":0},"end":{"line":15,"column":2}},"9":{"start":{"line":12,"column":2},"end":{"line":12,"column":30}},"10":{"start":{"line":14,"column":4},"end":{"line":14,"column":20}},"11":{"start":{"line":16,"column":12},"end":{"line":16,"column":21}},"12":{"start":{"line":17,"column":0},"end":{"line":17,"column":24}},"13":{"start":{"line":18,"column":0},"end":{"line":22,"column":2}},"14":{"start":{"line":23,"column":0},"end":{"line":23,"column":23}},"15":{"start":{"line":24,"column":0},"end":{"line":24,"column":44}},"16":{"start":{"line":25,"column":0},"end":{"line":25,"column":24}},"17":{"start":{"line":26,"column":0},"end":{"line":26,"column":23}},"18":{"start":{"line":31,"column":0},"end":{"line":31,"column":21}}},"fnMap":{"0":{"name":"(anonymous_0)","decl":{"start":{"line":11,"column":73},"end":{"line":11,"column":74}},"loc":{"start":{"line":11,"column":79},"end":{"line":13,"column":1}},"line":11},"1":{"name":"(anonymous_1)","decl":{"start":{"line":13,"column":9},"end":{"line":13,"column":10}},"loc":{"start":{"line":13,"column":15},"end":{"line":15,"column":1}},"line":13}},"branchMap":{},"s":{"0":2,"1":2,"2":2,"3":2,"4":2,"5":2,"6":2,"7":2,"8":2,"9":1,"10":0,"11":2,"12":2,"13":2,"14":2,"15":2,"16":2,"17":2,"18":2},"f":{"0":1,"1":0},"b":{},"_coverageSchema":"1a1c01bbd47fc00a2c39e90264f33305004495a9","hash":"e864939b3d85d00a6bc303bc9e222cb1749ca44c"}
,"C:\\Users\\hugue\\Desktop\\andela-node\\validation.js": {"path":"C:\\Users\\hugue\\Desktop\\andela-node\\validation.js","statementMap":{"0":{"start":{"line":2,"column":12},"end":{"line":2,"column":32}},"1":{"start":{"line":4,"column":27},"end":{"line":12,"column":1}},"2":{"start":{"line":5,"column":19},"end":{"line":9,"column":6}},"3":{"start":{"line":11,"column":4},"end":{"line":11,"column":32}},"4":{"start":{"line":14,"column":24},"end":{"line":21,"column":1}},"5":{"start":{"line":15,"column":4},"end":{"line":15,"column":21}},"6":{"start":{"line":16,"column":19},"end":{"line":19,"column":6}},"7":{"start":{"line":20,"column":4},"end":{"line":20,"column":32}},"8":{"start":{"line":23,"column":0},"end":{"line":23,"column":55}},"9":{"start":{"line":24,"column":0},"end":{"line":24,"column":49}}},"fnMap":{"0":{"name":"(anonymous_0)","decl":{"start":{"line":4,"column":27},"end":{"line":4,"column":28}},"loc":{"start":{"line":4,"column":37},"end":{"line":12,"column":1}},"line":4},"1":{"name":"(anonymous_1)","decl":{"start":{"line":14,"column":24},"end":{"line":14,"column":25}},"loc":{"start":{"line":14,"column":34},"end":{"line":21,"column":1}},"line":14}},"branchMap":{},"s":{"0":2,"1":2,"2":1,"3":1,"4":2,"5":2,"6":2,"7":2,"8":2,"9":2},"f":{"0":1,"1":2},"b":{},"_coverageSchema":"1a1c01bbd47fc00a2c39e90264f33305004495a9","hash":"74950120b021fa6ab58c159d2ebdc75d7764f38d"}
,"C:\\Users\\hugue\\Desktop\\andela-node\\models\\Blog.js": {"path":"C:\\Users\\hugue\\Desktop\\andela-node\\models\\Blog.js","statementMap":{"0":{"start":{"line":1,"column":19},"end":{"line":1,"column":39}},"1":{"start":{"line":2,"column":17},"end":{"line":2,"column":36}},"2":{"start":{"line":4,"column":15},"end":{"line":16,"column":2}},"3":{"start":{"line":19,"column":0},"end":{"line":19,"column":47}}},"fnMap":{},"branchMap":{},"s":{"0":2,"1":2,"2":2,"3":2},"f":{},"b":{},"_coverageSchema":"1a1c01bbd47fc00a2c39e90264f33305004495a9","hash":"7e67244baeb384861a4fde8a4407330eac4ff4bc"}
,"C:\\Users\\hugue\\Desktop\\andela-node\\models\\Comment.js": {"path":"C:\\Users\\hugue\\Desktop\\andela-node\\models\\Comment.js","statementMap":{"0":{"start":{"line":1,"column":17},"end":{"line":1,"column":36}},"1":{"start":{"line":3,"column":15},"end":{"line":10,"column":2}},"2":{"start":{"line":12,"column":0},"end":{"line":12,"column":50}}},"fnMap":{},"branchMap":{},"s":{"0":2,"1":2,"2":2},"f":{},"b":{},"_coverageSchema":"1a1c01bbd47fc00a2c39e90264f33305004495a9","hash":"1e3cc51654902a73e335bb9182df91fb38ac3026"}
,"C:\\Users\\hugue\\Desktop\\andela-node\\models\\Like.js": {"path":"C:\\Users\\hugue\\Desktop\\andela-node\\models\\Like.js","statementMap":{"0":{"start":{"line":1,"column":17},"end":{"line":1,"column":36}},"1":{"start":{"line":3,"column":15},"end":{"line":9,"column":2}},"2":{"start":{"line":11,"column":0},"end":{"line":11,"column":47}}},"fnMap":{},"branchMap":{},"s":{"0":2,"1":2,"2":2},"f":{},"b":{},"_coverageSchema":"1a1c01bbd47fc00a2c39e90264f33305004495a9","hash":"d72f812eafefbd8b5b1ddf2db935f17d4b5fc257"}
,"C:\\Users\\hugue\\Desktop\\andela-node\\models\\Message.js": {"path":"C:\\Users\\hugue\\Desktop\\andela-node\\models\\Message.js","statementMap":{"0":{"start":{"line":1,"column":17},"end":{"line":1,"column":36}},"1":{"start":{"line":3,"column":15},"end":{"line":7,"column":2}},"2":{"start":{"line":9,"column":0},"end":{"line":9,"column":50}}},"fnMap":{},"branchMap":{},"s":{"0":2,"1":2,"2":2},"f":{},"b":{},"_coverageSchema":"1a1c01bbd47fc00a2c39e90264f33305004495a9","hash":"bc70eba63ec1e250aee1bd15bfdd12adbd84db0d"}
,"C:\\Users\\hugue\\Desktop\\andela-node\\models\\User.js": {"path":"C:\\Users\\hugue\\Desktop\\andela-node\\models\\User.js","statementMap":{"0":{"start":{"line":1,"column":17},"end":{"line":1,"column":36}},"1":{"start":{"line":3,"column":15},"end":{"line":22,"column":2}},"2":{"start":{"line":24,"column":0},"end":{"line":24,"column":47}}},"fnMap":{},"branchMap":{},"s":{"0":2,"1":2,"2":2},"f":{},"b":{},"_coverageSchema":"1a1c01bbd47fc00a2c39e90264f33305004495a9","hash":"26006a9bb5afd2c0d98623f3aa82a2ef881d0fe6"}
,"C:\\Users\\hugue\\Desktop\\andela-node\\routes\\auth.js": {"path":"C:\\Users\\hugue\\Desktop\\andela-node\\routes\\auth.js","statementMap":{"0":{"start":{"line":81,"column":16},"end":{"line":81,"column":34}},"1":{"start":{"line":82,"column":20},"end":{"line":82,"column":35}},"2":{"start":{"line":83,"column":13},"end":{"line":83,"column":38}},"3":{"start":{"line":84,"column":15},"end":{"line":84,"column":31}},"4":{"start":{"line":85,"column":48},"end":{"line":85,"column":72}},"5":{"start":{"line":86,"column":15},"end":{"line":86,"column":34}},"6":{"start":{"line":87,"column":12},"end":{"line":87,"column":35}},"7":{"start":{"line":89,"column":0},"end":{"line":115,"column":3}},"8":{"start":{"line":91,"column":20},"end":{"line":91,"column":48}},"9":{"start":{"line":93,"column":2},"end":{"line":93,"column":78}},"10":{"start":{"line":93,"column":13},"end":{"line":93,"column":78}},"11":{"start":{"line":96,"column":21},"end":{"line":96,"column":66}},"12":{"start":{"line":97,"column":2},"end":{"line":97,"column":77}},"13":{"start":{"line":97,"column":18},"end":{"line":97,"column":77}},"14":{"start":{"line":100,"column":15},"end":{"line":100,"column":39}},"15":{"start":{"line":101,"column":25},"end":{"line":101,"column":67}},"16":{"start":{"line":103,"column":15},"end":{"line":107,"column":4}},"17":{"start":{"line":109,"column":2},"end":{"line":114,"column":3}},"18":{"start":{"line":110,"column":22},"end":{"line":110,"column":39}},"19":{"start":{"line":111,"column":4},"end":{"line":111,"column":32}},"20":{"start":{"line":113,"column":4},"end":{"line":113,"column":39}},"21":{"start":{"line":117,"column":0},"end":{"line":135,"column":3}},"22":{"start":{"line":120,"column":20},"end":{"line":120,"column":45}},"23":{"start":{"line":121,"column":2},"end":{"line":121,"column":78}},"24":{"start":{"line":121,"column":13},"end":{"line":121,"column":78}},"25":{"start":{"line":125,"column":15},"end":{"line":125,"column":60}},"26":{"start":{"line":126,"column":2},"end":{"line":126,"column":72}},"27":{"start":{"line":126,"column":13},"end":{"line":126,"column":72}},"28":{"start":{"line":130,"column":24},"end":{"line":130,"column":78}},"29":{"start":{"line":131,"column":2},"end":{"line":131,"column":82}},"30":{"start":{"line":131,"column":22},"end":{"line":131,"column":82}},"31":{"start":{"line":133,"column":16},"end":{"line":133,"column":69}},"32":{"start":{"line":134,"column":2},"end":{"line":134,"column":69}},"33":{"start":{"line":137,"column":0},"end":{"line":137,"column":24}}},"fnMap":{"0":{"name":"(anonymous_0)","decl":{"start":{"line":89,"column":28},"end":{"line":89,"column":29}},"loc":{"start":{"line":89,"column":48},"end":{"line":115,"column":1}},"line":89},"1":{"name":"(anonymous_1)","decl":{"start":{"line":117,"column":27},"end":{"line":117,"column":28}},"loc":{"start":{"line":117,"column":47},"end":{"line":135,"column":1}},"line":117}},"branchMap":{"0":{"loc":{"start":{"line":93,"column":2},"end":{"line":93,"column":78}},"type":"if","locations":[{"start":{"line":93,"column":2},"end":{"line":93,"column":78}},{"start":{},"end":{}}],"line":93},"1":{"loc":{"start":{"line":97,"column":2},"end":{"line":97,"column":77}},"type":"if","locations":[{"start":{"line":97,"column":2},"end":{"line":97,"column":77}},{"start":{},"end":{}}],"line":97},"2":{"loc":{"start":{"line":121,"column":2},"end":{"line":121,"column":78}},"type":"if","locations":[{"start":{"line":121,"column":2},"end":{"line":121,"column":78}},{"start":{},"end":{}}],"line":121},"3":{"loc":{"start":{"line":126,"column":2},"end":{"line":126,"column":72}},"type":"if","locations":[{"start":{"line":126,"column":2},"end":{"line":126,"column":72}},{"start":{},"end":{}}],"line":126},"4":{"loc":{"start":{"line":131,"column":2},"end":{"line":131,"column":82}},"type":"if","locations":[{"start":{"line":131,"column":2},"end":{"line":131,"column":82}},{"start":{},"end":{}}],"line":131}},"s":{"0":2,"1":2,"2":2,"3":2,"4":2,"5":2,"6":2,"7":2,"8":1,"9":1,"10":0,"11":1,"12":0,"13":0,"14":0,"15":0,"16":0,"17":0,"18":0,"19":0,"20":0,"21":2,"22":2,"23":2,"24":0,"25":2,"26":0,"27":0,"28":0,"29":0,"30":0,"31":0,"32":0,"33":2},"f":{"0":1,"1":2},"b":{"0":[0,1],"1":[0,0],"2":[0,2],"3":[0,0],"4":[0,0]},"_coverageSchema":"1a1c01bbd47fc00a2c39e90264f33305004495a9","hash":"404f321296b5a59f14dc2ba35367f1b41263ed0c"}
,"C:\\Users\\hugue\\Desktop\\andela-node\\routes\\routes.js": {"path":"C:\\Users\\hugue\\Desktop\\andela-node\\routes\\routes.js","statementMap":{"0":{"start":{"line":369,"column":16},"end":{"line":369,"column":34}},"1":{"start":{"line":370,"column":20},"end":{"line":370,"column":35}},"2":{"start":{"line":371,"column":13},"end":{"line":371,"column":38}},"3":{"start":{"line":372,"column":16},"end":{"line":372,"column":44}},"4":{"start":{"line":373,"column":16},"end":{"line":373,"column":44}},"5":{"start":{"line":374,"column":15},"end":{"line":374,"column":39}},"6":{"start":{"line":375,"column":13},"end":{"line":375,"column":38}},"7":{"start":{"line":376,"column":15},"end":{"line":376,"column":32}},"8":{"start":{"line":377,"column":13},"end":{"line":377,"column":28}},"9":{"start":{"line":379,"column":0},"end":{"line":379,"column":27}},"10":{"start":{"line":380,"column":19},"end":{"line":380,"column":43}},"11":{"start":{"line":381,"column":0},"end":{"line":385,"column":3}},"12":{"start":{"line":387,"column":15},"end":{"line":387,"column":31}},"13":{"start":{"line":390,"column":22},"end":{"line":395,"column":4}},"14":{"start":{"line":393,"column":6},"end":{"line":393,"column":54}},"15":{"start":{"line":398,"column":17},"end":{"line":401,"column":6}},"16":{"start":{"line":403,"column":0},"end":{"line":406,"column":3}},"17":{"start":{"line":404,"column":16},"end":{"line":404,"column":33}},"18":{"start":{"line":405,"column":2},"end":{"line":405,"column":48}},"19":{"start":{"line":407,"column":0},"end":{"line":416,"column":3}},"20":{"start":{"line":408,"column":16},"end":{"line":408,"column":64}},"21":{"start":{"line":409,"column":15},"end":{"line":413,"column":4}},"22":{"start":{"line":414,"column":2},"end":{"line":414,"column":20}},"23":{"start":{"line":415,"column":2},"end":{"line":415,"column":42}},"24":{"start":{"line":418,"column":0},"end":{"line":427,"column":3}},"25":{"start":{"line":419,"column":2},"end":{"line":426,"column":3}},"26":{"start":{"line":420,"column":17},"end":{"line":422,"column":5}},"27":{"start":{"line":423,"column":4},"end":{"line":423,"column":51}},"28":{"start":{"line":425,"column":4},"end":{"line":425,"column":66}},"29":{"start":{"line":429,"column":0},"end":{"line":451,"column":3}},"30":{"start":{"line":430,"column":16},"end":{"line":430,"column":64}},"31":{"start":{"line":431,"column":2},"end":{"line":450,"column":3}},"32":{"start":{"line":432,"column":17},"end":{"line":432,"column":59}},"33":{"start":{"line":434,"column":4},"end":{"line":436,"column":5}},"34":{"start":{"line":435,"column":6},"end":{"line":435,"column":34}},"35":{"start":{"line":438,"column":4},"end":{"line":440,"column":5}},"36":{"start":{"line":439,"column":6},"end":{"line":439,"column":38}},"37":{"start":{"line":442,"column":4},"end":{"line":444,"column":5}},"38":{"start":{"line":443,"column":6},"end":{"line":443,"column":37}},"39":{"start":{"line":446,"column":4},"end":{"line":446,"column":22}},"40":{"start":{"line":447,"column":4},"end":{"line":447,"column":50}},"41":{"start":{"line":449,"column":4},"end":{"line":449,"column":66}},"42":{"start":{"line":453,"column":0},"end":{"line":464,"column":3}},"43":{"start":{"line":454,"column":2},"end":{"line":463,"column":3}},"44":{"start":{"line":455,"column":17},"end":{"line":455,"column":59}},"45":{"start":{"line":456,"column":4},"end":{"line":459,"column":5}},"46":{"start":{"line":457,"column":6},"end":{"line":457,"column":51}},"47":{"start":{"line":458,"column":6},"end":{"line":458,"column":75}},"48":{"start":{"line":460,"column":4},"end":{"line":460,"column":66}},"49":{"start":{"line":462,"column":4},"end":{"line":462,"column":68}},"50":{"start":{"line":468,"column":0},"end":{"line":483,"column":3}},"51":{"start":{"line":469,"column":2},"end":{"line":482,"column":3}},"52":{"start":{"line":470,"column":17},"end":{"line":470,"column":64}},"53":{"start":{"line":471,"column":20},"end":{"line":475,"column":6}},"54":{"start":{"line":476,"column":4},"end":{"line":476,"column":25}},"55":{"start":{"line":477,"column":4},"end":{"line":477,"column":32}},"56":{"start":{"line":478,"column":4},"end":{"line":478,"column":22}},"57":{"start":{"line":479,"column":4},"end":{"line":479,"column":57}},"58":{"start":{"line":481,"column":4},"end":{"line":481,"column":66}},"59":{"start":{"line":486,"column":0},"end":{"line":502,"column":3}},"60":{"start":{"line":487,"column":2},"end":{"line":501,"column":3}},"61":{"start":{"line":488,"column":17},"end":{"line":488,"column":64}},"62":{"start":{"line":489,"column":16},"end":{"line":489,"column":30}},"63":{"start":{"line":491,"column":18},"end":{"line":494,"column":6}},"64":{"start":{"line":495,"column":4},"end":{"line":495,"column":23}},"65":{"start":{"line":496,"column":4},"end":{"line":496,"column":23}},"66":{"start":{"line":497,"column":4},"end":{"line":497,"column":22}},"67":{"start":{"line":498,"column":4},"end":{"line":498,"column":52}},"68":{"start":{"line":500,"column":4},"end":{"line":500,"column":66}},"69":{"start":{"line":506,"column":0},"end":{"line":525,"column":3}},"70":{"start":{"line":507,"column":2},"end":{"line":524,"column":3}},"71":{"start":{"line":508,"column":17},"end":{"line":508,"column":64}},"72":{"start":{"line":509,"column":16},"end":{"line":509,"column":30}},"73":{"start":{"line":511,"column":4},"end":{"line":513,"column":5}},"74":{"start":{"line":512,"column":6},"end":{"line":512,"column":16}},"75":{"start":{"line":514,"column":18},"end":{"line":517,"column":6}},"76":{"start":{"line":518,"column":4},"end":{"line":518,"column":23}},"77":{"start":{"line":519,"column":4},"end":{"line":519,"column":23}},"78":{"start":{"line":520,"column":4},"end":{"line":520,"column":22}},"79":{"start":{"line":521,"column":4},"end":{"line":521,"column":52}},"80":{"start":{"line":523,"column":4},"end":{"line":523,"column":66}},"81":{"start":{"line":529,"column":0},"end":{"line":537,"column":3}},"82":{"start":{"line":530,"column":15},"end":{"line":534,"column":4}},"83":{"start":{"line":535,"column":2},"end":{"line":535,"column":20}},"84":{"start":{"line":536,"column":2},"end":{"line":536,"column":49}},"85":{"start":{"line":539,"column":0},"end":{"line":542,"column":3}},"86":{"start":{"line":540,"column":15},"end":{"line":540,"column":35}},"87":{"start":{"line":541,"column":2},"end":{"line":541,"column":52}},"88":{"start":{"line":544,"column":0},"end":{"line":544,"column":24}}},"fnMap":{"0":{"name":"(anonymous_0)","decl":{"start":{"line":392,"column":14},"end":{"line":392,"column":15}},"loc":{"start":{"line":392,"column":33},"end":{"line":394,"column":5}},"line":392},"1":{"name":"(anonymous_1)","decl":{"start":{"line":403,"column":21},"end":{"line":403,"column":22}},"loc":{"start":{"line":403,"column":41},"end":{"line":406,"column":1}},"line":403},"2":{"name":"(anonymous_2)","decl":{"start":{"line":407,"column":54},"end":{"line":407,"column":55}},"loc":{"start":{"line":407,"column":74},"end":{"line":416,"column":1}},"line":407},"3":{"name":"(anonymous_3)","decl":{"start":{"line":418,"column":25},"end":{"line":418,"column":26}},"loc":{"start":{"line":418,"column":45},"end":{"line":427,"column":1}},"line":418},"4":{"name":"(anonymous_4)","decl":{"start":{"line":429,"column":59},"end":{"line":429,"column":60}},"loc":{"start":{"line":429,"column":79},"end":{"line":451,"column":1}},"line":429},"5":{"name":"(anonymous_5)","decl":{"start":{"line":453,"column":36},"end":{"line":453,"column":37}},"loc":{"start":{"line":453,"column":56},"end":{"line":464,"column":1}},"line":453},"6":{"name":"(anonymous_6)","decl":{"start":{"line":468,"column":33},"end":{"line":468,"column":34}},"loc":{"start":{"line":468,"column":53},"end":{"line":483,"column":1}},"line":468},"7":{"name":"(anonymous_7)","decl":{"start":{"line":486,"column":37},"end":{"line":486,"column":38}},"loc":{"start":{"line":486,"column":57},"end":{"line":502,"column":1}},"line":486},"8":{"name":"(anonymous_8)","decl":{"start":{"line":506,"column":39},"end":{"line":506,"column":40}},"loc":{"start":{"line":506,"column":59},"end":{"line":525,"column":1}},"line":506},"9":{"name":"(anonymous_9)","decl":{"start":{"line":529,"column":25},"end":{"line":529,"column":26}},"loc":{"start":{"line":529,"column":45},"end":{"line":537,"column":1}},"line":529},"10":{"name":"(anonymous_10)","decl":{"start":{"line":539,"column":32},"end":{"line":539,"column":33}},"loc":{"start":{"line":539,"column":52},"end":{"line":542,"column":1}},"line":539}},"branchMap":{"0":{"loc":{"start":{"line":434,"column":4},"end":{"line":436,"column":5}},"type":"if","locations":[{"start":{"line":434,"column":4},"end":{"line":436,"column":5}},{"start":{},"end":{}}],"line":434},"1":{"loc":{"start":{"line":438,"column":4},"end":{"line":440,"column":5}},"type":"if","locations":[{"start":{"line":438,"column":4},"end":{"line":440,"column":5}},{"start":{},"end":{}}],"line":438},"2":{"loc":{"start":{"line":442,"column":4},"end":{"line":444,"column":5}},"type":"if","locations":[{"start":{"line":442,"column":4},"end":{"line":444,"column":5}},{"start":{},"end":{}}],"line":442},"3":{"loc":{"start":{"line":456,"column":4},"end":{"line":459,"column":5}},"type":"if","locations":[{"start":{"line":456,"column":4},"end":{"line":459,"column":5}},{"start":{},"end":{}}],"line":456},"4":{"loc":{"start":{"line":511,"column":4},"end":{"line":513,"column":5}},"type":"if","locations":[{"start":{"line":511,"column":4},"end":{"line":513,"column":5}},{"start":{},"end":{}}],"line":511}},"s":{"0":2,"1":2,"2":2,"3":2,"4":2,"5":2,"6":2,"7":2,"8":2,"9":2,"10":2,"11":2,"12":2,"13":2,"14":0,"15":2,"16":2,"17":10,"18":10,"19":2,"20":1,"21":0,"22":0,"23":0,"24":2,"25":0,"26":0,"27":0,"28":0,"29":2,"30":0,"31":0,"32":0,"33":0,"34":0,"35":0,"36":0,"37":0,"38":0,"39":0,"40":0,"41":0,"42":2,"43":0,"44":0,"45":0,"46":0,"47":0,"48":0,"49":0,"50":2,"51":0,"52":0,"53":0,"54":0,"55":0,"56":0,"57":0,"58":0,"59":2,"60":0,"61":0,"62":0,"63":0,"64":0,"65":0,"66":0,"67":0,"68":0,"69":2,"70":0,"71":0,"72":0,"73":0,"74":0,"75":0,"76":0,"77":0,"78":0,"79":0,"80":0,"81":2,"82":1,"83":1,"84":1,"85":2,"86":1,"87":1,"88":2},"f":{"0":0,"1":10,"2":1,"3":0,"4":0,"5":0,"6":0,"7":0,"8":0,"9":1,"10":1},"b":{"0":[0,0],"1":[0,0],"2":[0,0],"3":[0,0],"4":[0,0]},"_coverageSchema":"1a1c01bbd47fc00a2c39e90264f33305004495a9","hash":"52f949baa8590b013d6b1eec6ad11f8999d3346c"}
,"C:\\Users\\hugue\\Desktop\\andela-node\\routes\\verifyToken.js": {"path":"C:\\Users\\hugue\\Desktop\\andela-node\\routes\\verifyToken.js","statementMap":{"0":{"start":{"line":1,"column":12},"end":{"line":1,"column":35}},"1":{"start":{"line":3,"column":0},"end":{"line":15,"column":1}},"2":{"start":{"line":4,"column":18},"end":{"line":4,"column":42}},"3":{"start":{"line":5,"column":4},"end":{"line":5,"column":70}},"4":{"start":{"line":5,"column":15},"end":{"line":5,"column":70}},"5":{"start":{"line":7,"column":4},"end":{"line":14,"column":5}},"6":{"start":{"line":8,"column":25},"end":{"line":8,"column":68}},"7":{"start":{"line":9,"column":8},"end":{"line":9,"column":28}},"8":{"start":{"line":10,"column":8},"end":{"line":10,"column":15}},"9":{"start":{"line":13,"column":8},"end":{"line":13,"column":56}}},"fnMap":{"0":{"name":"(anonymous_0)","decl":{"start":{"line":3,"column":17},"end":{"line":3,"column":18}},"loc":{"start":{"line":3,"column":42},"end":{"line":15,"column":1}},"line":3}},"branchMap":{"0":{"loc":{"start":{"line":5,"column":4},"end":{"line":5,"column":70}},"type":"if","locations":[{"start":{"line":5,"column":4},"end":{"line":5,"column":70}},{"start":{},"end":{}}],"line":5}},"s":{"0":2,"1":2,"2":2,"3":2,"4":0,"5":2,"6":2,"7":2,"8":2,"9":0},"f":{"0":2},"b":{"0":[0,2]},"_coverageSchema":"1a1c01bbd47fc00a2c39e90264f33305004495a9","hash":"d3def1fee2363088fce2c8f56b961fb13284dbaf"}
}
