TN:
SF:index.js
FN:11,(anonymous_0)
FN:13,(anonymous_1)
FNF:2
FNH:1
FNDA:1,(anonymous_0)
FNDA:0,(anonymous_1)
DA:1,2
DA:2,2
DA:3,2
DA:4,2
DA:5,2
DA:6,2
DA:7,2
DA:9,2
DA:11,2
DA:12,1
DA:14,0
DA:16,2
DA:17,2
DA:18,2
DA:23,2
DA:24,2
DA:25,2
DA:26,2
DA:31,2
LF:19
LH:18
BRF:0
BRH:0
end_of_record
TN:
SF:validation.js
FN:4,(anonymous_0)
FN:14,(anonymous_1)
FNF:2
FNH:2
FNDA:1,(anonymous_0)
FNDA:2,(anonymous_1)
DA:2,2
DA:4,2
DA:5,1
DA:11,1
DA:14,2
DA:15,2
DA:16,2
DA:20,2
DA:23,2
DA:24,2
LF:10
LH:10
BRF:0
BRH:0
end_of_record
TN:
SF:models\Blog.js
FNF:0
FNH:0
DA:1,2
DA:2,2
DA:4,2
DA:19,2
LF:4
LH:4
BRF:0
BRH:0
end_of_record
TN:
SF:models\Comment.js
FNF:0
FNH:0
DA:1,2
DA:3,2
DA:12,2
LF:3
LH:3
BRF:0
BRH:0
end_of_record
TN:
SF:models\Like.js
FNF:0
FNH:0
DA:1,2
DA:3,2
DA:11,2
LF:3
LH:3
BRF:0
BRH:0
end_of_record
TN:
SF:models\Message.js
FNF:0
FNH:0
DA:1,2
DA:3,2
DA:9,2
LF:3
LH:3
BRF:0
BRH:0
end_of_record
TN:
SF:models\User.js
FNF:0
FNH:0
DA:1,2
DA:3,2
DA:24,2
LF:3
LH:3
BRF:0
BRH:0
end_of_record
TN:
SF:routes\auth.js
FN:89,(anonymous_0)
FN:117,(anonymous_1)
FNF:2
FNH:2
FNDA:1,(anonymous_0)
FNDA:2,(anonymous_1)
DA:81,2
DA:82,2
DA:83,2
DA:84,2
DA:85,2
DA:86,2
DA:87,2
DA:89,2
DA:91,1
DA:93,1
DA:96,1
DA:97,0
DA:100,0
DA:101,0
DA:103,0
DA:109,0
DA:110,0
DA:111,0
DA:113,0
DA:117,2
DA:120,2
DA:121,2
DA:125,2
DA:126,0
DA:130,0
DA:131,0
DA:133,0
DA:134,0
DA:137,2
LF:29
LH:16
BRDA:93,0,0,0
BRDA:93,0,1,1
BRDA:97,1,0,0
BRDA:97,1,1,0
BRDA:121,2,0,0
BRDA:121,2,1,2
BRDA:126,3,0,0
BRDA:126,3,1,0
BRDA:131,4,0,0
BRDA:131,4,1,0
BRF:10
BRH:2
end_of_record
TN:
SF:routes\routes.js
FN:392,(anonymous_0)
FN:403,(anonymous_1)
FN:407,(anonymous_2)
FN:418,(anonymous_3)
FN:429,(anonymous_4)
FN:453,(anonymous_5)
FN:468,(anonymous_6)
FN:486,(anonymous_7)
FN:506,(anonymous_8)
FN:529,(anonymous_9)
FN:539,(anonymous_10)
FNF:11
FNH:4
FNDA:0,(anonymous_0)
FNDA:10,(anonymous_1)
FNDA:1,(anonymous_2)
FNDA:0,(anonymous_3)
FNDA:0,(anonymous_4)
FNDA:0,(anonymous_5)
FNDA:0,(anonymous_6)
FNDA:0,(anonymous_7)
FNDA:0,(anonymous_8)
FNDA:1,(anonymous_9)
FNDA:1,(anonymous_10)
DA:369,2
DA:370,2
DA:371,2
DA:372,2
DA:373,2
DA:374,2
DA:375,2
DA:376,2
DA:377,2
DA:379,2
DA:380,2
DA:381,2
DA:387,2
DA:390,2
DA:393,0
DA:398,2
DA:403,2
DA:404,10
DA:405,10
DA:407,2
DA:408,1
DA:409,0
DA:414,0
DA:415,0
DA:418,2
DA:419,0
DA:420,0
DA:423,0
DA:425,0
DA:429,2
DA:430,0
DA:431,0
DA:432,0
DA:434,0
DA:435,0
DA:438,0
DA:439,0
DA:442,0
DA:443,0
DA:446,0
DA:447,0
DA:449,0
DA:453,2
DA:454,0
DA:455,0
DA:456,0
DA:457,0
DA:458,0
DA:460,0
DA:462,0
DA:468,2
DA:469,0
DA:470,0
DA:471,0
DA:476,0
DA:477,0
DA:478,0
DA:479,0
DA:481,0
DA:486,2
DA:487,0
DA:488,0
DA:489,0
DA:491,0
DA:495,0
DA:496,0
DA:497,0
DA:498,0
DA:500,0
DA:506,2
DA:507,0
DA:508,0
DA:509,0
DA:511,0
DA:512,0
DA:514,0
DA:518,0
DA:519,0
DA:520,0
DA:521,0
DA:523,0
DA:529,2
DA:530,1
DA:535,1
DA:536,1
DA:539,2
DA:540,1
DA:541,1
DA:544,2
LF:89
LH:34
BRDA:434,0,0,0
BRDA:434,0,1,0
BRDA:438,1,0,0
BRDA:438,1,1,0
BRDA:442,2,0,0
BRDA:442,2,1,0
BRDA:456,3,0,0
BRDA:456,3,1,0
BRDA:511,4,0,0
BRDA:511,4,1,0
BRF:10
BRH:0
end_of_record
TN:
SF:routes\verifyToken.js
FN:3,(anonymous_0)
FNF:1
FNH:1
FNDA:2,(anonymous_0)
DA:1,2
DA:3,2
DA:4,2
DA:5,2
DA:7,2
DA:8,2
DA:9,2
DA:10,2
DA:13,0
LF:9
LH:8
BRDA:5,0,0,0
BRDA:5,0,1,2
BRF:2
BRH:1
end_of_record
